<?xml version="1.0" encoding="UTF-8"?>
<!-- Generated by org.testng.reporters.JUnitReportReporter -->
<testsuite ignored="0" hostname="DESKTOP-PINFQ0C" failures="0" tests="1" name="com.crm.qa.testcases.EditOrderPageTest" time="98.716" errors="0" timestamp="07 Aug 2018 07:54:55 GMT" skipped="0">
  <testcase classname="com.crm.qa.testcases.EditOrderPageTest" name="editDeliveryTest" time="98.716"/>
</testsuite> <!-- com.crm.qa.testcases.EditOrderPageTest -->
