<?xml version="1.0" encoding="UTF-8"?>
<!-- Generated by org.testng.reporters.JUnitReportReporter -->
<testsuite hostname="ip-172-31-48-152" name="suit.runner" tests="1" failures="0" timestamp="18 Jan 2019 13:34:06 GMT" time="226.200" errors="0">
  <testcase name="Runner" time="226.200" classname="suit.runner"/>
</testsuite> <!-- suit.runner -->
