<?xml version="1.0" encoding="UTF-8"?>
<!-- Generated by org.testng.reporters.JUnitReportReporter -->
<testsuite hostname="ip-172-31-16-243" name="suit.runner" tests="1" failures="0" timestamp="25 Dec 2018 14:25:48 GMT" time="3333.579" errors="0">
  <testcase name="Runner" time="3333.579" classname="suit.runner"/>
</testsuite> <!-- suit.runner -->
