<?xml version="1.0" encoding="UTF-8"?>
<!-- Generated by org.testng.reporters.JUnitReportReporter -->
<testsuite hostname="ip-172-31-57-125" name="suit.runner" tests="1" failures="0" timestamp="23 Jan 2019 13:33:57 GMT" time="223.511" errors="0">
  <testcase name="Runner" time="223.511" classname="suit.runner"/>
</testsuite> <!-- suit.runner -->
