<?xml version="1.0" encoding="UTF-8"?>
<!-- Generated by org.testng.reporters.JUnitReportReporter -->
<testsuite hostname="ip-172-31-16-243" name="suit.runner" tests="1" failures="0" timestamp="8 Jan 2019 14:28:14 GMT" time="3481.018" errors="0">
  <testcase name="Runner" time="3481.018" classname="suit.runner"/>
</testsuite> <!-- suit.runner -->
