<?xml version="1.0" encoding="UTF-8"?>
<!-- Generated by org.testng.reporters.JUnitReportReporter -->
<testsuite hostname="ip-172-31-16-243" name="suit.runner" tests="1" failures="0" timestamp="29 Dec 2018 14:28:37 GMT" time="3503.831" errors="0">
  <testcase name="Runner" time="3503.831" classname="suit.runner"/>
</testsuite> <!-- suit.runner -->
