<?xml version="1.0" encoding="UTF-8"?>
<!-- Generated by org.testng.reporters.JUnitReportReporter -->
<testsuite hostname="ip-172-31-16-243" name="suit.runner" tests="1" failures="0" timestamp="18 Jan 2019 08:50:28 GMT" time="221.151" errors="0">
  <testcase name="Runner" time="221.151" classname="suit.runner"/>
</testsuite> <!-- suit.runner -->
