<?xml version="1.0" encoding="UTF-8"?>
<!-- Generated by org.testng.reporters.JUnitReportReporter -->
<testsuite hostname="ip-172-31-16-243" name="suit.runner" tests="1" failures="0" timestamp="18 Jan 2019 09:08:31 GMT" time="232.250" errors="0">
  <testcase name="Runner" time="232.250" classname="suit.runner"/>
</testsuite> <!-- suit.runner -->
