<?xml version="1.0" encoding="UTF-8"?>
<!-- Generated by org.testng.reporters.JUnitReportReporter -->
<testsuite hostname="ip-172-31-48-152" name="suit.runner" tests="1" failures="0" timestamp="25 Jan 2019 13:33:55 GMT" time="222.093" errors="0">
  <testcase name="Runner" time="222.093" classname="suit.runner"/>
</testsuite> <!-- suit.runner -->
