<?xml version="1.0" encoding="UTF-8"?>
<!-- Generated by org.testng.reporters.JUnitReportReporter -->
<testsuite hostname="ip-172-31-16-243" name="suit.runner" tests="1" failures="0" timestamp="24 Dec 2018 12:30:19 GMT" time="615.978" errors="0">
  <testcase name="Runner" time="615.978" classname="suit.runner"/>
</testsuite> <!-- suit.runner -->
