<?xml version="1.0" encoding="UTF-8"?>
<!-- Generated by org.testng.reporters.JUnitReportReporter -->
<testsuite ignored="0" hostname="DESKTOP-PINFQ0C" failures="0" tests="1" name="com.crm.qa.testcases.DeleteOrderPageTest" time="77.101" errors="0" timestamp="06 Aug 2018 09:44:33 GMT" skipped="0">
  <testcase classname="com.crm.qa.testcases.DeleteOrderPageTest" name="deleteItemTest" time="77.101"/>
</testsuite> <!-- com.crm.qa.testcases.DeleteOrderPageTest -->
