<?xml version="1.0" encoding="UTF-8"?>
<!-- Generated by org.testng.reporters.JUnitReportReporter -->
<testsuite ignored="0" hostname="DESKTOP-PINFQ0C" failures="0" tests="1" name="com.crm.qa.testcases.BaseTest" time="8.383" errors="0" timestamp="09 Aug 2018 12:44:45 GMT" skipped="0">
  <testcase classname="com.crm.qa.testcases.BaseTest" name="setUp" time="8.383"/>
</testsuite> <!-- com.crm.qa.testcases.BaseTest -->
