<?xml version="1.0" encoding="UTF-8"?>
<!-- Generated by org.testng.reporters.JUnitReportReporter -->
<testsuite hostname="ip-172-31-57-125" name="suit.runner" tests="1" failures="0" timestamp="1 Feb 2019 13:33:49 GMT" time="220.020" errors="0">
  <testcase name="Runner" time="220.020" classname="suit.runner"/>
</testsuite> <!-- suit.runner -->
