<?xml version="1.0" encoding="UTF-8"?>
<!-- Generated by org.testng.reporters.JUnitReportReporter -->
<testsuite hostname="DESKTOP-OEL817D" name="suit.runner" tests="1" failures="0" timestamp="28 Nov 2018 11:30:33 GMT" time="625.056" errors="0">
  <testcase name="Runner" time="625.056" classname="suit.runner"/>
</testsuite> <!-- suit.runner -->
