<?xml version="1.0" encoding="UTF-8"?>
<!-- Generated by org.testng.reporters.JUnitReportReporter -->
<testsuite hostname="ip-172-31-16-243" name="suit.runner" tests="1" failures="0" timestamp="10 Feb 2019 13:34:04 GMT" time="231.297" errors="0">
  <testcase name="Runner" time="231.297" classname="suit.runner"/>
</testsuite> <!-- suit.runner -->
