<?xml version="1.0" encoding="UTF-8"?>
<!-- Generated by org.testng.reporters.JUnitReportReporter -->
<testsuite hostname="ip-172-31-16-243" name="suit.runner" tests="1" failures="0" timestamp="26 Dec 2018 14:29:47 GMT" time="3574.259" errors="0">
  <testcase name="Runner" time="3574.259" classname="suit.runner"/>
</testsuite> <!-- suit.runner -->
