<?xml version="1.0" encoding="UTF-8"?>
<!-- Generated by org.testng.reporters.JUnitReportReporter -->
<testsuite hostname="ip-172-31-16-243" name="suit.runner" tests="1" failures="0" timestamp="14 Jan 2019 14:27:56 GMT" time="3459.629" errors="0">
  <testcase name="Runner" time="3459.629" classname="suit.runner"/>
</testsuite> <!-- suit.runner -->
