<?xml version="1.0" encoding="UTF-8"?>
<!-- Generated by org.testng.reporters.JUnitReportReporter -->
<testsuite hostname="ip-172-31-16-243" name="suit.runner" tests="1" failures="0" timestamp="8 Feb 2019 13:34:01 GMT" time="228.889" errors="0">
  <testcase name="Runner" time="228.889" classname="suit.runner"/>
</testsuite> <!-- suit.runner -->
