<?xml version="1.0" encoding="UTF-8"?>
<!-- Generated by org.testng.reporters.JUnitReportReporter -->
<testsuite ignored="0" hostname="DESKTOP-PINFQ0C" failures="0" tests="2" name="com.crm.qa.testcases.MicroBizHomePageTest" time="114.783" errors="0" timestamp="24 Jul 2018 13:53:40 GMT" skipped="0">
  <testcase classname="com.crm.qa.testcases.MicroBizHomePageTest" name="verifyMenuTabListTest" time="49.901"/>
  <testcase classname="com.crm.qa.testcases.MicroBizHomePageTest" name="verifyTopMenuLinksTest" time="64.882"/>
</testsuite> <!-- com.crm.qa.testcases.MicroBizHomePageTest -->
