<?xml version="1.0" encoding="UTF-8"?>
<!-- Generated by org.testng.reporters.JUnitReportReporter -->
<testsuite hostname="DESKTOP-OEL817D" name="suit.runner" tests="1" failures="0" timestamp="30 Nov 2018 10:20:03 GMT" time="5559.323" errors="0">
  <testcase name="Runner" time="5559.323" classname="suit.runner"/>
</testsuite> <!-- suit.runner -->
