<?xml version="1.0" encoding="UTF-8"?>
<!-- Generated by org.testng.reporters.JUnitReportReporter -->
<testsuite hostname="ip-172-31-48-152" name="suit.runner" tests="1" failures="0" timestamp="12 Jan 2019 14:24:59 GMT" time="3283.086" errors="0">
  <testcase name="Runner" time="3283.086" classname="suit.runner"/>
</testsuite> <!-- suit.runner -->
