<?xml version="1.0" encoding="UTF-8"?>
<!-- Generated by org.testng.reporters.JUnitReportReporter -->
<testsuite hostname="DESKTOP-OEL817D" name="suit.open_browser_android" tests="1" failures="0" timestamp="9 Sep 2018 13:58:00 GMT" time="19.161" errors="0">
  <testcase name="openbrowser" time="19.161" classname="suit.open_browser_android"/>
</testsuite> <!-- suit.open_browser_android -->
