<?xml version="1.0" encoding="UTF-8"?>
<!-- Generated by org.testng.reporters.JUnitReportReporter -->
<testsuite hostname="ip-172-31-57-125" name="suit.runner" tests="1" failures="0" timestamp="22 Jan 2019 13:33:54 GMT" time="221.077" errors="0">
  <testcase name="Runner" time="221.077" classname="suit.runner"/>
</testsuite> <!-- suit.runner -->
