<?xml version="1.0" encoding="UTF-8"?>
<!-- Generated by org.testng.reporters.JUnitReportReporter -->
<testsuite hostname="ip-172-31-48-152" name="suit.runner" tests="1" failures="0" timestamp="12 Feb 2019 13:34:08 GMT" time="230.014" errors="0">
  <testcase name="Runner" time="230.014" classname="suit.runner"/>
</testsuite> <!-- suit.runner -->
