<?xml version="1.0" encoding="UTF-8"?>
<!-- Generated by org.testng.reporters.JUnitReportReporter -->
<testsuite hostname="ip-172-31-57-125" name="suit.runner" tests="1" failures="0" timestamp="19 Jan 2019 13:34:02 GMT" time="221.948" errors="0">
  <testcase name="Runner" time="221.948" classname="suit.runner"/>
</testsuite> <!-- suit.runner -->
