<?xml version="1.0" encoding="UTF-8"?>
<!-- Generated by org.testng.reporters.JUnitReportReporter -->
<testsuite hostname="ip-172-31-16-243" name="suit.runner" tests="1" failures="0" timestamp="5 Feb 2019 13:34:03 GMT" time="229.557" errors="0">
  <testcase name="Runner" time="229.557" classname="suit.runner"/>
</testsuite> <!-- suit.runner -->
