<?xml version="1.0" encoding="UTF-8"?>
<!-- Generated by org.testng.reporters.JUnitReportReporter -->
<testsuite hostname="ip-172-31-48-152" name="suit.runner" tests="1" failures="0" timestamp="17 Jan 2019 14:25:16 GMT" time="3303.259" errors="0">
  <testcase name="Runner" time="3303.259" classname="suit.runner"/>
</testsuite> <!-- suit.runner -->
