<?xml version="1.0" encoding="UTF-8"?>
<!-- Generated by org.testng.reporters.JUnitReportReporter -->
<testsuite hostname="ip-172-31-16-243" name="suit.runner" tests="1" failures="0" timestamp="11 Jan 2019 14:30:34 GMT" time="3621.085" errors="0">
  <testcase name="Runner" time="3621.085" classname="suit.runner"/>
</testsuite> <!-- suit.runner -->
